
=== Fri May 28 17:13:05 2021

Packages were changed.
Update Mode: updateDependencies

The following packages were updated:
  com.unity.collab-proxy from version 1.3.9 to 1.5.7
  com.unity.ide.visualstudio from version 2.0.7 to 2.0.8
  com.unity.textmeshpro from version 3.0.1 to 3.0.6
  com.unity.timeline from version 1.4.7 to 1.4.8

=== Wed Aug  4 19:11:02 2021

Packages were changed.
Update Mode: updateDependencies

The following packages were updated:
  com.unity.adaptiveperformance from version 2.1.1 to 2.2.1
  com.unity.adaptiveperformance.samsung.android from version 2.1.1 to 2.2.1
  com.unity.collab-proxy from version 1.5.7 to 1.7.1
  com.unity.ide.visualstudio from version 2.0.8 to 2.0.9
  com.unity.test-framework from version 1.1.24 to 1.1.27

=== Wed Aug 25 15:36:51 2021

Packages were changed.
Update Mode: updateDependencies

The following packages were updated:
  com.unity.ide.visualstudio from version 2.0.9 to 2.0.11
  com.unity.render-pipelines.lightweight from version 10.5.0 to 10.5.1
